\BOOKMARK [0][-]{part.1}{\376\377\000I\000\040\000B\000a\000c\000k\000g\000r\000o\000u\000n\000d\000\040\040\024\000\040\000t\000h\000e\000\040\000S\000E\000A\000\040\000P\000a\000p\000e\000r}{}% 1
\BOOKMARK [1][-]{section.1}{\376\377\0001\000\040\000M\000o\000t\000i\000v\000a\000t\000i\000o\000n\000:\000\040\000W\000h\000y\000\040\000S\000i\000g\000n\000-\000L\000a\000n\000g\000u\000a\000g\000e\000\040\000S\000u\000b\000t\000i\000t\000l\000e\000\040\000A\000l\000i\000g\000n\000m\000e\000n\000t\000?}{part.1}% 2
\BOOKMARK [1][-]{section.2}{\376\377\0002\000\040\000F\000o\000r\000m\000a\000l\000\040\000T\000a\000s\000k\000\040\000a\000n\000d\000\040\000T\000h\000r\000e\000e\000-\000S\000t\000a\000g\000e\000\040\000P\000i\000p\000e\000l\000i\000n\000e}{part.1}% 3
\BOOKMARK [2][-]{subsection.2.1}{\376\377\0002\000.\0001\000\040\000I\000n\000p\000u\000t\000s\000\040\000a\000n\000d\000\040\000o\000u\000t\000p\000u\000t\000s}{section.2}% 4
\BOOKMARK [2][-]{subsection.2.2}{\376\377\0002\000.\0002\000\040\000T\000h\000e\000\040\000t\000h\000r\000e\000e\000\040\000m\000o\000d\000u\000l\000a\000r\000\040\000s\000t\000a\000g\000e\000s}{section.2}% 5
\BOOKMARK [2][-]{subsection.2.3}{\376\377\0002\000.\0003\000\040\000W\000h\000y\000\040\000t\000h\000i\000s\000\040\000w\000o\000r\000k\000s\000\040\000a\000s\000\040\000a\000\040\000u\000n\000i\000v\000e\000r\000s\000a\000l\000\040\000r\000e\000c\000i\000p\000e}{section.2}% 6
\BOOKMARK [1][-]{section.3}{\376\377\0003\000\040\000T\000h\000e\000\040\000S\000e\000g\000m\000e\000n\000t\000a\000t\000i\000o\000n\000\040\000M\000o\000d\000e\000l\000\040\000i\000n\000\040\000D\000e\000t\000a\000i\000l}{part.1}% 7
\BOOKMARK [1][-]{section.4}{\376\377\0004\000\040\000T\000h\000e\000\040\000E\000m\000b\000e\000d\000d\000i\000n\000g\000\040\000M\000o\000d\000e\000l\000\040\000i\000n\000\040\000D\000e\000t\000a\000i\000l\000\040\000\050\000S\000i\000g\000n\000C\000L\000I\000P\000\051}{part.1}% 8
\BOOKMARK [1][-]{section.5}{\376\377\0005\000\040\000T\000h\000e\000\040\000A\000l\000i\000g\000n\000m\000e\000n\000t\000\040\000A\000l\000g\000o\000r\000i\000t\000h\000m\000\040\000i\000n\000\040\000D\000e\000t\000a\000i\000l\000\040\000\050\000P\000a\000p\000e\000r\000\040\000D\000e\000s\000c\000r\000i\000p\000t\000i\000o\000n\000\051}{part.1}% 9
\BOOKMARK [2][-]{subsection.5.1}{\376\377\0005\000.\0001\000\040\000C\000o\000s\000t\000\040\000f\000u\000n\000c\000t\000i\000o\000n}{section.5}% 10
\BOOKMARK [2][-]{subsection.5.2}{\376\377\0005\000.\0002\000\040\000L\000o\000c\000a\000l\000i\000t\000y\000\040\000c\000o\000n\000s\000t\000r\000a\000i\000n\000t\000\040\000a\000n\000d\000\040\000s\000o\000f\000t\000m\000a\000x\000\040\000n\000o\000r\000m\000a\000l\000i\000s\000a\000t\000i\000o\000n}{section.5}% 11
\BOOKMARK [2][-]{subsection.5.3}{\376\377\0005\000.\0003\000\040\000G\000l\000o\000b\000a\000l\000\040\000D\000P\000\040\000r\000e\000c\000u\000r\000r\000e\000n\000c\000e}{section.5}% 12
\BOOKMARK [2][-]{subsection.5.4}{\376\377\0005\000.\0004\000\040\000S\000u\000b\000-\000g\000r\000o\000u\000p\000\040\000r\000e\000f\000i\000n\000e\000m\000e\000n\000t}{section.5}% 13
\BOOKMARK [2][-]{subsection.5.5}{\376\377\0005\000.\0005\000\040\000P\000r\000e\000-\000\040\000a\000n\000d\000\040\000p\000o\000s\000t\000-\000D\000P\000\040\000f\000i\000x\000e\000d\000\040\000o\000f\000f\000s\000e\000t\000s}{section.5}% 14
\BOOKMARK [2][-]{subsection.5.6}{\376\377\0005\000.\0006\000\040\000R\000a\000n\000d\000o\000m\000\040\000p\000a\000r\000a\000m\000e\000t\000e\000r\000\040\000s\000e\000a\000r\000c\000h}{section.5}% 15
\BOOKMARK [1][-]{section.6}{\376\377\0006\000\040\000D\000a\000t\000a\000s\000e\000t\000s\000\040\000a\000n\000d\000\040\000B\000a\000s\000e\000l\000i\000n\000e\000s\000\040\000\050\000f\000r\000o\000m\000\040\000t\000h\000e\000\040\000P\000a\000p\000e\000r\000\051}{part.1}% 16
\BOOKMARK [0][-]{part.2}{\376\377\000I\000I\000\040\000T\000h\000i\000s\000\040\000W\000o\000r\000k\000s\000p\000a\000c\000e\000\040\040\024\000\040\000T\000S\000L\000\040\000P\000i\000p\000e\000l\000i\000n\000e}{}% 17
\BOOKMARK [1][-]{section.7}{\376\377\0007\000\040\000P\000r\000o\000j\000e\000c\000t\000\040\000G\000o\000a\000l\000s\000\040\000o\000n\000\040\000T\000h\000a\000i\000\040\000S\000i\000g\000n\000\040\000L\000a\000n\000g\000u\000a\000g\000e}{part.2}% 18
\BOOKMARK [2][-]{subsection.7.1}{\376\377\0007\000.\0001\000\040\000T\000w\000o\000\040\000c\000o\000n\000c\000r\000e\000t\000e\000\040\000t\000a\000s\000k\000s\000\040\000f\000o\000r\000m\000u\000l\000a\000t\000e\000d\000\040\000f\000o\000r\000\040\000T\000S\000L}{section.7}% 19
\BOOKMARK [2][-]{subsection.7.2}{\376\377\0007\000.\0002\000\040\000T\000h\000e\000\040\000s\000i\000n\000g\000l\000e\000\040\000T\000S\000L\000\040\000e\000x\000a\000m\000p\000l\000e\000\040\000u\000s\000e\000d\000\040\000t\000h\000r\000o\000u\000g\000h\000o\000u\000t}{section.7}% 20
\BOOKMARK [1][-]{section.8}{\376\377\0008\000\040\000P\000i\000p\000e\000l\000i\000n\000e\000\040\000W\000a\000l\000k\000t\000h\000r\000o\000u\000g\000h\000\040\040\024\000\040\000S\000t\000e\000p\000\040\000b\000y\000\040\000S\000t\000e\000p}{part.2}% 21
\BOOKMARK [2][-]{subsection.8.1}{\376\377\0008\000.\0001\000\040\000S\000t\000e\000p\000\040\0000\000:\000\040\000E\000n\000v\000i\000r\000o\000n\000m\000e\000n\000t}{section.8}% 22
\BOOKMARK [2][-]{subsection.8.2}{\376\377\0008\000.\0002\000\040\000S\000t\000e\000p\000\040\0001\000:\000\040\000E\000x\000t\000r\000a\000c\000t\000\040\000C\000C\000\040\000f\000r\000o\000m\000\040\000E\000A\000F\000\040\000\040\000W\000e\000b\000V\000T\000T}{section.8}% 23
\BOOKMARK [2][-]{subsection.8.3}{\376\377\0008\000.\0003\000\040\000S\000t\000e\000p\000\040\0002\000:\000\040\000P\000o\000s\000e\000\040\000E\000s\000t\000i\000m\000a\000t\000i\000o\000n}{section.8}% 24
\BOOKMARK [2][-]{subsection.8.4}{\376\377\0008\000.\0004\000\040\000S\000t\000e\000p\000\040\0003\000:\000\040\000S\000i\000g\000n\000\040\000S\000e\000g\000m\000e\000n\000t\000a\000t\000i\000o\000n}{section.8}% 25
\BOOKMARK [2][-]{subsection.8.5}{\376\377\0008\000.\0005\000\040\000S\000t\000e\000p\000\040\0004\000:\000\040\000E\000m\000b\000e\000d\000d\000i\000n\000g\000\040\000\050\000S\000i\000g\000n\000C\000L\000I\000P\000\051}{section.8}% 26
\BOOKMARK [2][-]{subsection.8.6}{\376\377\0008\000.\0006\000\040\000A\000u\000x\000i\000l\000i\000a\000r\000y\000:\000\040\000B\000u\000i\000l\000d\000i\000n\000g\000\040\000t\000h\000e\000\040\000G\000l\000o\000s\000s\000-\000t\000e\000x\000t\000\040\000V\000T\000T}{section.8}% 27
\BOOKMARK [2][-]{subsection.8.7}{\376\377\0008\000.\0007\000\040\000S\000t\000e\000p\000\040\0005\000:\000\040\000A\000l\000i\000g\000n\000m\000e\000n\000t\000\040\000v\000i\000a\000\040\000D\000y\000n\000a\000m\000i\000c\000\040\000P\000r\000o\000g\000r\000a\000m\000m\000i\000n\000g}{section.8}% 28
\BOOKMARK [3][-]{subsubsection.8.7.1}{\376\377\0008\000.\0007\000.\0001\000\040\000S\000t\000a\000g\000e\000\040\0005\000.\0001\000\040\040\024\000\040\000P\000r\000e\000-\000s\000h\000i\000f\000t\000\040\000b\000i\000a\000s}{subsection.8.7}% 29
\BOOKMARK [3][-]{subsubsection.8.7.2}{\376\377\0008\000.\0007\000.\0002\000\040\000S\000t\000a\000g\000e\000\040\0005\000.\0002\000\040\040\024\000\040\000C\000a\000n\000d\000i\000d\000a\000t\000e\000\040\000w\000i\000n\000d\000o\000w}{subsection.8.7}% 30
\BOOKMARK [3][-]{subsubsection.8.7.3}{\376\377\0008\000.\0007\000.\0003\000\040\000S\000t\000a\000g\000e\000\040\0005\000.\0003\000\040\040\024\000\040\000S\000i\000m\000i\000l\000a\000r\000i\000t\000y\000\040\000m\000a\000t\000r\000i\000x}{subsection.8.7}% 31
\BOOKMARK [3][-]{subsubsection.8.7.4}{\376\377\0008\000.\0007\000.\0004\000\040\000S\000t\000a\000g\000e\000\040\0005\000.\0004\000\040\040\024\000\040\000C\000o\000s\000t\000\040\000f\000u\000n\000c\000t\000i\000o\000n}{subsection.8.7}% 32
\BOOKMARK [3][-]{subsubsection.8.7.5}{\376\377\0008\000.\0007\000.\0005\000\040\000S\000t\000a\000g\000e\000\040\0005\000.\0005\000\040\040\024\000\040\000D\000P\000\040\000r\000e\000c\000u\000r\000r\000e\000n\000c\000e}{subsection.8.7}% 33
\BOOKMARK [3][-]{subsubsection.8.7.6}{\376\377\0008\000.\0007\000.\0006\000\040\000S\000t\000a\000g\000e\000\040\0005\000.\0006\000\040\040\024\000\040\000J\000I\000T\000\040\000i\000n\000n\000e\000r\000\040\000l\000o\000o\000p}{subsection.8.7}% 34
\BOOKMARK [3][-]{subsubsection.8.7.7}{\376\377\0008\000.\0007\000.\0007\000\040\000S\000t\000a\000g\000e\000\040\0005\000.\0007\000\040\040\024\000\040\000S\000u\000b\000-\000g\000r\000o\000u\000p\000\040\000r\000e\000f\000i\000n\000e\000m\000e\000n\000t}{subsection.8.7}% 35
\BOOKMARK [3][-]{subsubsection.8.7.8}{\376\377\0008\000.\0007\000.\0008\000\040\000S\000t\000a\000g\000e\000\040\0005\000.\0008\000\040\040\024\000\040\000P\000o\000s\000t\000-\000s\000h\000i\000f\000t\000\040\000a\000n\000d\000\040\000f\000i\000n\000a\000l\000\040\000w\000r\000i\000t\000e}{subsection.8.7}% 36
\BOOKMARK [3][-]{subsubsection.8.7.9}{\376\377\0008\000.\0007\000.\0009\000\040\000C\000o\000n\000c\000r\000e\000t\000e\000\040\000i\000n\000v\000o\000c\000a\000t\000i\000o\000n\000\040\000u\000s\000e\000d\000\040\000i\000n\000\040\000t\000h\000i\000s\000\040\000w\000o\000r\000k\000s\000p\000a\000c\000e\000\040\000\050\000B\0002\000\051}{subsection.8.7}% 37
\BOOKMARK [2][-]{subsection.8.8}{\376\377\0008\000.\0008\000\040\000S\000t\000e\000p\000\040\0006\000:\000\040\000P\000o\000s\000t\000-\000p\000r\000o\000c\000e\000s\000s\000i\000n\000g}{section.8}% 38
\BOOKMARK [3][-]{subsubsection.8.8.1}{\376\377\0008\000.\0008\000.\0001\000\040\000R\000e\000m\000o\000v\000i\000n\000g\000\040\000o\000v\000e\000r\000l\000a\000p\000p\000i\000n\000g\000\040\000c\000u\000e\000s}{subsection.8.8}% 39
\BOOKMARK [3][-]{subsubsection.8.8.2}{\376\377\0008\000.\0008\000.\0002\000\040\000R\000e\000-\000m\000e\000r\000g\000i\000n\000g\000\040\000t\000h\000e\000\040\000o\000r\000i\000g\000i\000n\000a\000l\000\040\000t\000i\000e\000r\000s\000\040\000i\000n\000t\000o\000\040\000t\000h\000e\000\040\000u\000p\000d\000a\000t\000e\000d\000\040\000E\000A\000F}{subsection.8.8}% 40
\BOOKMARK [3][-]{subsubsection.8.8.3}{\376\377\0008\000.\0008\000.\0003\000\040\000A\000d\000d\000i\000n\000g\000\040\000a\000l\000l\000\040\000e\000x\000p\000e\000r\000i\000m\000e\000n\000t\000\040\000o\000u\000t\000p\000u\000t\000s\000\040\000a\000s\000\040\000E\000L\000A\000N\000\040\000t\000i\000e\000r\000s}{subsection.8.8}% 41
\BOOKMARK [3][-]{subsubsection.8.8.4}{\376\377\0008\000.\0008\000.\0004\000\040\000E\000v\000a\000l\000u\000a\000t\000i\000o\000n\000\040\000s\000c\000r\000i\000p\000t}{subsection.8.8}% 42
\BOOKMARK [0][-]{part.3}{\376\377\000I\000I\000I\000\040\000L\000i\000v\000e\000\040\000E\000x\000p\000e\000r\000i\000m\000e\000n\000t\000a\000l\000\040\000R\000e\000s\000u\000l\000t\000s}{}% 43
\BOOKMARK [1][-]{section.9}{\376\377\0009\000\040\000E\000x\000p\000e\000r\000i\000m\000e\000n\000t\000s}{part.3}% 44
\BOOKMARK [2][-]{subsection.9.1}{\376\377\0009\000.\0001\000\040\000H\000e\000a\000d\000l\000i\000n\000e\000\040\000n\000u\000m\000b\000e\000r\000s\000\040\000\050\000l\000i\000v\000e\000,\000\040\000r\000e\000-\000r\000u\000n\000\040\000d\000u\000r\000i\000n\000g\000\040\000r\000e\000p\000o\000r\000t\000\040\000w\000r\000i\000t\000i\000n\000g\000\051}{section.9}% 45
\BOOKMARK [2][-]{subsection.9.2}{\376\377\0009\000.\0002\000\040\000R\000e\000a\000d\000i\000n\000g\000\040\000t\000h\000e\000\040\000l\000i\000v\000e\000\040\000r\000e\000s\000u\000l\000t\000s}{section.9}% 46
\BOOKMARK [2][-]{subsection.9.3}{\376\377\0009\000.\0003\000\040\000E\000f\000f\000e\000c\000t\000\040\000o\000f\000\040\000t\000h\000e\000\040\000t\000u\000n\000e\000d\000\040\000p\000r\000o\000f\000i\000l\000e\000\040\000v\000s\000.\000\040\000t\000h\000e\000\040\000s\000t\000a\000n\000d\000a\000r\000d\000\040\000p\000r\000o\000f\000i\000l\000e\000\040\000\050\000B\0001\000B\0002\000\051}{section.9}% 47
\BOOKMARK [2][-]{subsection.9.4}{\376\377\0009\000.\0004\000\040\000P\000o\000s\000t\000-\000p\000r\000o\000c\000e\000s\000s\000i\000n\000g\000\040\000r\000e\000s\000u\000l\000t\000s\000\040\000\050\000o\000v\000e\000r\000l\000a\000p\000\040\000r\000e\000m\000o\000v\000a\000l\000\051}{section.9}% 48
\BOOKMARK [2][-]{subsection.9.5}{\376\377\0009\000.\0005\000\040\000B\000e\000s\000t\000-\000k\000n\000o\000w\000n\000\040\000p\000a\000r\000a\000m\000e\000t\000e\000r\000\040\000c\000o\000m\000b\000i\000n\000a\000t\000i\000o\000n\000\040\000o\000n\000\040\000T\000S\000L}{section.9}% 49
\BOOKMARK [2][-]{subsection.9.6}{\376\377\0009\000.\0006\000\040\000H\000o\000w\000\040\000t\000h\000e\000s\000e\000\040\000n\000u\000m\000b\000e\000r\000s\000\040\000c\000o\000m\000p\000a\000r\000e\000\040\000t\000o\000\040\000t\000h\000e\000\040\000p\000a\000p\000e\000r}{section.9}% 50
\BOOKMARK [1][-]{section.10}{\376\377\0001\0000\000\040\000T\000u\000n\000a\000b\000l\000e\000\040\000P\000o\000i\000n\000t\000s\000\040\000a\000c\000r\000o\000s\000s\000\040\000t\000h\000e\000\040\000W\000h\000o\000l\000e\000\040\000P\000i\000p\000e\000l\000i\000n\000e}{part.3}% 51
\BOOKMARK [1][-]{section.11}{\376\377\0001\0001\000\040\000C\000o\000d\000e\000\040\000M\000a\000p}{part.3}% 52
\BOOKMARK [1][-]{section.12}{\376\377\0001\0002\000\040\000P\000a\000t\000c\000h\000e\000s\000\040\000A\000p\000p\000l\000i\000e\000d\000\040\000t\000o\000\040\000U\000p\000s\000t\000r\000e\000a\000m}{part.3}% 53
\BOOKMARK [2][-]{subsection.12.1}{\376\377\0001\0002\000.\0001\000\040\000S\000E\000A\000\040\000f\000o\000r\000k\000\040\000\050\000v\000s\000.\000\040\000c\000o\000m\000m\000i\000t\000\040\0005\000a\000a\000f\0002\0007\000d\000\051}{section.12}% 54
\BOOKMARK [2][-]{subsection.12.2}{\376\377\0001\0002\000.\0002\000\040\000f\000a\000i\000r\000s\000e\000q\000\137\000s\000i\000g\000n\000c\000l\000i\000p\000\040\000f\000o\000r\000k}{section.12}% 55
\BOOKMARK [1][-]{section.13}{\376\377\0001\0003\000\040\000W\000o\000r\000k\000s\000p\000a\000c\000e\000\040\000F\000i\000l\000e\000\040\000I\000n\000v\000e\000n\000t\000o\000r\000y}{part.3}% 56
\BOOKMARK [1][-]{section.14}{\376\377\0001\0004\000\040\000C\000o\000n\000c\000l\000u\000s\000i\000o\000n\000s\000\040\000a\000n\000d\000\040\000N\000e\000x\000t\000\040\000S\000t\000e\000p\000s}{part.3}% 57
