\BOOKMARK [0][-]{part.1}{\376\377\000I\000\040\016\036\016\067\016\111\016\031\016\020\016\062\016\031\000\040\040\024\000\040\016\032\016\027\016\004\016\047\016\062\016\041\000\040\000S\000E\000A}{}% 1
\BOOKMARK [1][-]{section.1}{\376\377\0001\000\040\016\101\016\043\016\007\016\010\016\071\016\007\016\103\016\010\000:\000\040\016\027\016\063\016\104\016\041\016\025\016\111\016\055\016\007\016\010\016\061\016\024\016\025\016\063\016\101\016\053\016\031\016\110\016\007\016\004\016\063\016\032\016\043\016\043\016\042\016\062\016\042\016\040\016\062\016\051\016\062\016\041\016\067\016\055\000?}{part.1}% 2
\BOOKMARK [1][-]{section.2}{\376\377\0002\000\040\016\031\016\064\016\042\016\062\016\041\016\007\016\062\016\031\016\055\016\042\016\110\016\062\016\007\016\100\016\033\016\107\016\031\016\027\016\062\016\007\016\001\016\062\016\043\016\101\016\045\016\060\000\040\000P\000i\000p\000e\000l\000i\000n\000e\000\040\016\052\016\062\016\041\016\002\016\061\016\111\016\031\016\025\016\055\016\031}{part.1}% 3
\BOOKMARK [2][-]{subsection.2.1}{\376\377\0002\000.\0001\000\040\000I\000n\000p\000u\000t\000\040\016\101\016\045\016\060\000\040\000O\000u\000t\000p\000u\000t}{section.2}% 4
\BOOKMARK [2][-]{subsection.2.2}{\376\377\0002\000.\0002\000\040\016\052\016\062\016\041\016\002\016\061\016\111\016\031\016\025\016\055\016\031\016\101\016\032\016\032\000\040\000m\000o\000d\000u\000l\000a\000r}{section.2}% 5
\BOOKMARK [2][-]{subsection.2.3}{\376\377\0002\000.\0003\000\040\016\027\016\063\016\104\016\041\016\026\016\066\016\007\016\103\016\012\016\111\016\007\016\062\016\031\016\104\016\024\016\111\016\100\016\033\016\107\016\031\000\040\000u\000n\000i\000v\000e\000r\000s\000a\000l\000\040\000r\000e\000c\000i\000p\000e}{section.2}% 6
\BOOKMARK [1][-]{section.3}{\376\377\0003\000\040\000M\000o\000d\000e\000l\000\040\000S\000e\000g\000m\000e\000n\000t\000a\000t\000i\000o\000n\000\040\016\055\016\042\016\110\016\062\016\007\016\045\016\060\016\100\016\055\016\065\016\042\016\024}{part.1}% 7
\BOOKMARK [1][-]{section.4}{\376\377\0004\000\040\000M\000o\000d\000e\000l\000\040\000E\000m\000b\000e\000d\000d\000i\000n\000g\000\040\016\055\016\042\016\110\016\062\016\007\016\045\016\060\016\100\016\055\016\065\016\042\016\024\000\040\000\050\000S\000i\000g\000n\000C\000L\000I\000P\000\051}{part.1}% 8
\BOOKMARK [1][-]{section.5}{\376\377\0005\000\040\016\055\016\061\016\045\016\001\016\055\016\043\016\064\016\027\016\066\016\041\000\040\000A\000l\000i\000g\000n\000m\000e\000n\000t\000\040\016\055\016\042\016\110\016\062\016\007\016\045\016\060\016\100\016\055\016\065\016\042\016\024\000\040\000\050\016\004\016\063\016\055\016\030\016\064\016\032\016\062\016\042\016\010\016\062\016\001\016\032\016\027\016\004\016\047\016\062\016\041\000\051}{part.1}% 9
\BOOKMARK [2][-]{subsection.5.1}{\376\377\0005\000.\0001\000\040\016\037\016\061\016\007\016\001\016\114\016\012\016\061\016\031\000\040\000C\000o\000s\000t}{section.5}% 10
\BOOKMARK [2][-]{subsection.5.2}{\376\377\0005\000.\0002\000\040\016\002\016\111\016\055\016\010\016\063\016\001\016\061\016\024\000\040\000L\000o\000c\000a\000l\000i\000t\000y\000\040\016\101\016\045\016\060\016\001\016\062\016\043\000\040\000N\000o\000r\000m\000a\000l\000i\000z\000e\000\040\016\024\016\111\016\047\016\042\000\040\000S\000o\000f\000t\000m\000a\000x}{section.5}% 11
\BOOKMARK [2][-]{subsection.5.3}{\376\377\0005\000.\0003\000\040\016\001\016\062\016\043\016\047\016\031\016\013\016\111\016\063\000\040\000D\000P\000\040\016\101\016\032\016\032\000\040\000G\000l\000o\000b\000a\000l}{section.5}% 12
\BOOKMARK [2][-]{subsection.5.4}{\376\377\0005\000.\0004\000\040\016\001\016\062\016\043\016\001\016\045\016\061\016\110\016\031\016\001\016\043\016\055\016\007\000\040\000S\000u\000b\000-\000g\000r\000o\000u\000p}{section.5}% 13
\BOOKMARK [2][-]{subsection.5.5}{\376\377\0005\000.\0005\000\040\000O\000f\000f\000s\000e\000t\000\040\016\004\016\007\016\027\016\065\016\110\016\001\016\110\016\055\016\031\016\101\016\045\016\060\016\053\016\045\016\061\016\007\000\040\000D\000P}{section.5}% 14
\BOOKMARK [2][-]{subsection.5.6}{\376\377\0005\000.\0006\000\040\016\001\016\062\016\043\016\004\016\111\016\031\016\053\016\062\016\036\016\062\016\043\016\062\016\041\016\064\016\100\016\025\016\055\016\043\016\114\016\101\016\032\016\032\016\052\016\070\016\110\016\041}{section.5}% 15
\BOOKMARK [1][-]{section.6}{\376\377\0006\000\040\016\012\016\070\016\024\016\002\016\111\016\055\016\041\016\071\016\045\016\101\016\045\016\060\000\040\000B\000a\000s\000e\000l\000i\000n\000e\000\040\000\050\016\010\016\062\016\001\016\032\016\027\016\004\016\047\016\062\016\041\000\051}{part.1}% 16
\BOOKMARK [0][-]{part.2}{\376\377\000I\000I\000\040\000W\000o\000r\000k\000s\000p\000a\000c\000e\000\040\016\031\016\065\016\111\000\040\040\024\000\040\000T\000S\000L\000\040\000P\000i\000p\000e\000l\000i\000n\000e}{}% 17
\BOOKMARK [1][-]{section.7}{\376\377\0007\000\040\016\100\016\033\016\111\016\062\016\053\016\041\016\062\016\042\016\102\016\004\016\043\016\007\016\001\016\062\016\043\016\032\016\031\016\040\016\062\016\051\016\062\016\041\016\067\016\055\016\104\016\027\016\042}{part.2}% 18
\BOOKMARK [2][-]{subsection.7.1}{\376\377\0007\000.\0001\000\040\016\052\016\055\016\007\016\040\016\062\016\043\016\001\016\064\016\010\016\027\016\065\016\110\016\001\016\063\016\053\016\031\016\024\016\052\016\063\016\053\016\043\016\061\016\032\000\040\000T\000S\000L}{section.7}% 19
\BOOKMARK [2][-]{subsection.7.2}{\376\377\0007\000.\0002\000\040\016\025\016\061\016\047\016\055\016\042\016\110\016\062\016\007\000\040\000T\000S\000L\000\040\016\053\016\031\016\066\016\110\016\007\016\025\016\061\016\047\016\027\016\065\016\110\016\103\016\012\016\111\016\025\016\045\016\055\016\024\016\043\016\062\016\042\016\007\016\062\016\031}{section.7}% 20
\BOOKMARK [1][-]{section.8}{\376\377\0008\000\040\016\001\016\062\016\043\016\055\016\030\016\064\016\032\016\062\016\042\000\040\000P\000i\000p\000e\000l\000i\000n\000e\000\040\016\027\016\065\016\045\016\060\016\002\016\061\016\111\016\031\016\025\016\055\016\031}{part.2}% 21
\BOOKMARK [2][-]{subsection.8.1}{\376\377\0008\000.\0001\000\040\016\002\016\061\016\111\016\031\016\025\016\055\016\031\016\027\016\065\016\110\000\040\0000\000:\000\040\000E\000n\000v\000i\000r\000o\000n\000m\000e\000n\000t}{section.8}% 22
\BOOKMARK [2][-]{subsection.8.2}{\376\377\0008\000.\0002\000\040\016\002\016\061\016\111\016\031\016\025\016\055\016\031\016\027\016\065\016\110\000\040\0001\000:\000\040\000E\000x\000t\000r\000a\000c\000t\000\040\000C\000C\000\040\016\010\016\062\016\001\000\040\000E\000A\000F\000\040\016\104\016\033\016\042\016\061\016\007\000\040\000W\000e\000b\000V\000T\000T}{section.8}% 23
\BOOKMARK [2][-]{subsection.8.3}{\376\377\0008\000.\0003\000\040\016\002\016\061\016\111\016\031\016\025\016\055\016\031\016\027\016\065\016\110\000\040\0002\000:\000\040\000P\000o\000s\000e\000\040\000E\000s\000t\000i\000m\000a\000t\000i\000o\000n}{section.8}% 24
\BOOKMARK [2][-]{subsection.8.4}{\376\377\0008\000.\0004\000\040\016\002\016\061\016\111\016\031\016\025\016\055\016\031\016\027\016\065\016\110\000\040\0003\000:\000\040\000S\000i\000g\000n\000\040\000S\000e\000g\000m\000e\000n\000t\000a\000t\000i\000o\000n}{section.8}% 25
\BOOKMARK [2][-]{subsection.8.5}{\376\377\0008\000.\0005\000\040\016\002\016\061\016\111\016\031\016\025\016\055\016\031\016\027\016\065\016\110\000\040\0004\000:\000\040\000E\000m\000b\000e\000d\000d\000i\000n\000g\000\040\000\050\000S\000i\000g\000n\000C\000L\000I\000P\000\051}{section.8}% 26
\BOOKMARK [2][-]{subsection.8.6}{\376\377\0008\000.\0006\000\040\016\100\016\036\016\064\016\110\016\041\016\100\016\025\016\064\016\041\000:\000\040\016\052\016\043\016\111\016\062\016\007\000\040\000G\000l\000o\000s\000s\000-\000t\000e\000x\000t\000\040\000V\000T\000T}{section.8}% 27
\BOOKMARK [2][-]{subsection.8.7}{\376\377\0008\000.\0007\000\040\016\002\016\061\016\111\016\031\016\025\016\055\016\031\016\027\016\065\016\110\000\040\0005\000:\000\040\000A\000l\000i\000g\000n\000m\000e\000n\000t\000\040\016\034\016\110\016\062\016\031\000\040\000D\000y\000n\000a\000m\000i\000c\000\040\000P\000r\000o\000g\000r\000a\000m\000m\000i\000n\000g}{section.8}% 28
\BOOKMARK [3][-]{subsubsection.8.7.1}{\376\377\0008\000.\0007\000.\0001\000\040\016\002\016\061\016\111\016\031\016\025\016\055\016\031\000\040\0005\000.\0001\000\040\040\024\000\040\000P\000r\000e\000-\000s\000h\000i\000f\000t\000\040\000b\000i\000a\000s}{subsection.8.7}% 29
\BOOKMARK [3][-]{subsubsection.8.7.2}{\376\377\0008\000.\0007\000.\0002\000\040\016\002\016\061\016\111\016\031\016\025\016\055\016\031\000\040\0005\000.\0002\000\040\040\024\000\040\016\053\016\031\016\111\016\062\016\025\016\110\016\062\016\007\000\040\000C\000a\000n\000d\000i\000d\000a\000t\000e}{subsection.8.7}% 30
\BOOKMARK [3][-]{subsubsection.8.7.3}{\376\377\0008\000.\0007\000.\0003\000\040\016\002\016\061\016\111\016\031\016\025\016\055\016\031\000\040\0005\000.\0003\000\040\040\024\000\040\000S\000i\000m\000i\000l\000a\000r\000i\000t\000y\000\040\000m\000a\000t\000r\000i\000x}{subsection.8.7}% 31
\BOOKMARK [3][-]{subsubsection.8.7.4}{\376\377\0008\000.\0007\000.\0004\000\040\016\002\016\061\016\111\016\031\016\025\016\055\016\031\000\040\0005\000.\0004\000\040\040\024\000\040\016\037\016\061\016\007\016\001\016\114\016\012\016\061\016\031\000\040\000C\000o\000s\000t}{subsection.8.7}% 32
\BOOKMARK [3][-]{subsubsection.8.7.5}{\376\377\0008\000.\0007\000.\0005\000\040\016\002\016\061\016\111\016\031\016\025\016\055\016\031\000\040\0005\000.\0005\000\040\040\024\000\040\000D\000P\000\040\000R\000e\000c\000u\000r\000r\000e\000n\000c\000e}{subsection.8.7}% 33
\BOOKMARK [3][-]{subsubsection.8.7.6}{\376\377\0008\000.\0007\000.\0006\000\040\016\002\016\061\016\111\016\031\016\025\016\055\016\031\000\040\0005\000.\0006\000\040\040\024\000\040\000J\000I\000T\000\040\000I\000n\000n\000e\000r\000\040\000L\000o\000o\000p}{subsection.8.7}% 34
\BOOKMARK [3][-]{subsubsection.8.7.7}{\376\377\0008\000.\0007\000.\0007\000\040\000C\000o\000n\000c\000r\000e\000t\000e\000\040\000i\000n\000v\000o\000c\000a\000t\000i\000o\000n\000\040\000\050\000B\0002\000\051}{subsection.8.7}% 35
\BOOKMARK [2][-]{subsection.8.8}{\376\377\0008\000.\0008\000\040\016\002\016\061\016\111\016\031\016\025\016\055\016\031\016\027\016\065\016\110\000\040\0006\000:\000\040\000P\000o\000s\000t\000-\000p\000r\000o\000c\000e\000s\000s\000i\000n\000g}{section.8}% 36
\BOOKMARK [3][-]{subsubsection.8.8.1}{\376\377\0008\000.\0008\000.\0001\000\040\016\001\016\062\016\043\016\045\016\032\000\040\000c\000u\000e\000\040\016\027\016\065\016\110\016\027\016\061\016\032\016\013\016\111\016\055\016\031}{subsection.8.8}% 37
\BOOKMARK [3][-]{subsubsection.8.8.2}{\376\377\0008\000.\0008\000.\0002\000\040\016\001\016\062\016\043\016\043\016\047\016\041\000\040\000t\000i\000e\000r\000\040\016\025\016\111\016\031\016\011\016\032\016\061\016\032\016\001\016\045\016\061\016\032\016\100\016\002\016\111\016\062\000\040\000E\000A\000F\000\040\016\027\016\065\016\110\016\055\016\061\016\033\016\100\016\024\016\025}{subsection.8.8}% 38
\BOOKMARK [3][-]{subsubsection.8.8.3}{\376\377\0008\000.\0008\000.\0003\000\040\016\001\016\062\016\043\016\100\016\036\016\064\016\110\016\041\000\040\000o\000u\000t\000p\000u\000t\000\040\016\001\016\062\016\043\016\027\016\024\016\045\016\055\016\007\016\027\016\061\016\111\016\007\016\053\016\041\016\024\016\100\016\033\016\107\016\031\000\040\000E\000L\000A\000N\000\040\000t\000i\000e\000r}{subsection.8.8}% 39
\BOOKMARK [0][-]{part.3}{\376\377\000I\000I\000I\000\040\016\034\016\045\016\001\016\062\016\043\016\027\016\024\016\045\016\055\016\007\016\010\016\043\016\064\016\007}{}% 40
\BOOKMARK [1][-]{section.9}{\376\377\0009\000\040\016\001\016\062\016\043\016\027\016\024\016\045\016\055\016\007}{part.3}% 41
\BOOKMARK [2][-]{subsection.9.1}{\376\377\0009\000.\0001\000\040\016\025\016\061\016\047\016\100\016\045\016\002\016\053\016\045\016\061\016\001\000\040\000\050\000l\000i\000v\000e\000,\000\040\016\043\016\061\016\031\016\043\016\060\016\053\016\047\016\110\016\062\016\007\016\001\016\062\016\043\016\100\016\002\016\065\016\042\016\031\016\043\016\062\016\042\016\007\016\062\016\031\000\051}{section.9}% 42
\BOOKMARK [2][-]{subsection.9.2}{\376\377\0009\000.\0002\000\040\016\001\016\062\016\043\016\055\016\110\016\062\016\031\016\034\016\045\016\045\016\061\016\036\016\030\016\114}{section.9}% 43
\BOOKMARK [2][-]{subsection.9.3}{\376\377\0009\000.\0003\000\040\016\034\016\045\016\045\016\061\016\036\016\030\016\114\000\040\000p\000o\000s\000t\000-\000p\000r\000o\000c\000e\000s\000s\000i\000n\000g\000\040\000\050\016\001\016\062\016\043\016\045\016\032\000\040\000o\000v\000e\000r\000l\000a\000p\000\051}{section.9}% 44
\BOOKMARK [2][-]{subsection.9.4}{\376\377\0009\000.\0004\000\040\016\012\016\070\016\024\016\036\016\062\016\043\016\062\016\041\016\064\016\100\016\025\016\055\016\043\016\114\016\027\016\065\016\110\016\024\016\065\016\027\016\065\016\110\016\052\016\070\016\024\016\032\016\031\000\040\000T\000S\000L}{section.9}% 45
\BOOKMARK [1][-]{section.10}{\376\377\0001\0000\000\040\016\010\016\070\016\024\016\027\016\065\016\110\016\033\016\043\016\061\016\032\016\104\016\024\016\111\016\025\016\045\016\055\016\024\000\040\000P\000i\000p\000e\000l\000i\000n\000e\000\040\016\027\016\061\016\111\016\007\016\053\016\041\016\024}{part.3}% 46
\BOOKMARK [1][-]{section.11}{\376\377\0001\0001\000\040\016\101\016\034\016\031\016\027\016\065\016\110\016\102\016\004\016\111\016\024}{part.3}% 47
\BOOKMARK [1][-]{section.12}{\376\377\0001\0002\000\040\000P\000a\000t\000c\000h\000\040\016\027\016\065\016\110\016\103\016\012\016\111\016\001\016\061\016\032\000\040\000U\000p\000s\000t\000r\000e\000a\000m}{part.3}% 48
\BOOKMARK [2][-]{subsection.12.1}{\376\377\0001\0002\000.\0001\000\040\000S\000E\000A\000\040\000f\000o\000r\000k\000\040\000\050\000v\000s\000.\000\040\000c\000o\000m\000m\000i\000t\000\040\0005\000a\000a\000f\0002\0007\000d\000\051}{section.12}% 49
\BOOKMARK [2][-]{subsection.12.2}{\376\377\0001\0002\000.\0002\000\040\000f\000a\000i\000r\000s\000e\000q\000\137\000s\000i\000g\000n\000c\000l\000i\000p\000\040\000f\000o\000r\000k}{section.12}% 50
\BOOKMARK [1][-]{section.13}{\376\377\0001\0003\000\040\016\032\016\027\016\052\016\043\016\070\016\033\016\101\016\045\016\060\016\002\016\061\016\111\016\031\016\025\016\055\016\031\016\026\016\061\016\024\016\104\016\033}{part.3}% 51
