Video eOJfTd3nybA directory does not exist.
Video _FW1JoDAW8w directory does not exist.
Video c6ZfjqY5Xfc directory does not exist.
Video 9Xm4ieF32qQ directory does not exist.
Video 8YfeKcl5h08 directory does not exist.
Video j9Mv-lA4YjY directory does not exist.
Video kdzExaAiQBQ directory does not exist.
Video 2ALHPv6I0zk directory does not exist.
Error converting /scratch/shared/beegfs/zifan/YouTube-ASL/downloads/xI1N1YBv_qU/English en.json to VTT: 'dDurationMs'
Video uY583WM9yJw directory does not exist.
Video oZOLUsRsVAA directory does not exist.
Video DUPvK46M_rs directory does not exist.
Video 8DCojUVix2g directory does not exist.
Video 8Z9yl0lQdCo directory does not exist.
Video e2rNsEjzerw directory does not exist.
Video buON_DqUmaY directory does not exist.
Video jcddO1vjVY0 directory does not exist.
Video 98E8Uit8EIc directory does not exist.
Video PP4LFxAXAXo directory does not exist.
Video tSCEj6AeUjM directory does not exist.
Video I-zR0TU8Vic directory does not exist.
Video MqdjkxoL5kU directory does not exist.
Video 2AuR7DqnnwQ directory does not exist.
Video 9KB7wMtWzSs directory does not exist.
Video uiXnsEXuMVY directory does not exist.
Video 8eNZ9k5_VVc directory does not exist.
Error converting /scratch/shared/beegfs/zifan/YouTube-ASL/downloads/BXH5iwRLjVI/American Sign Language ase.json to VTT: 'dDurationMs'
Video XkecBlYcxp4 directory does not exist.
Video SZcnservpiE directory does not exist.
Video DYPIbXLM1QU directory does not exist.
Video 2AWyzSyzrtk directory does not exist.
Video BnejpI1BpKc directory does not exist.
Video xyX0ymKwDYI directory does not exist.
Video 9QZI0vEt4GQ directory does not exist.
Video CHLpAQvilH0 directory does not exist.
Video ubv2mdQwvgQ directory does not exist.
Video GhmVoqgsadE directory does not exist.
Video 4RBlxI3SQnM directory does not exist.
Video HK-FgUXOp5k directory does not exist.
Video 9NfTDjWq7vA directory does not exist.
Video bnKRNLYxhA8 directory does not exist.
Video x6HhDZNGaFk directory does not exist.
Video EnUyoD85HKU directory does not exist.
Video dtxwmtPjHKM directory does not exist.
Video bj32_z1O-RI directory does not exist.
Video pWXC9ljtRvI directory does not exist.
Video PDmIET1_S2o directory does not exist.
Video As0Dy9BpNAk directory does not exist.
Video Spyi286qUgw directory does not exist.
Video RrRK1s6vlBU directory does not exist.
Video wPqsN_awKQ0 directory does not exist.
Video tszKcsSgYb8 directory does not exist.
Video -4BE5VUpsjE directory does not exist.
Video NHvBRnuRifQ directory does not exist.
Video FZ10xSnJCEI directory does not exist.
Video 1SVT3uqXEAE directory does not exist.
Video -bM2DBJE7zE directory does not exist.
Video cSmPeWCZ1b4 directory does not exist.
Video fdgEfpIfSUE directory does not exist.
Video 0pQSjlMw914 directory does not exist.
Video aRaWoeDRc7s directory does not exist.
Video 2CpXjTKQkvI directory does not exist.
Video w8EENcUyI4U directory does not exist.
Video R4qVPiGsGI0 directory does not exist.
Video SYKqVhZdWk4 directory does not exist.
Video 3gPumCu8Whk directory does not exist.
Video grkqUYcf68w directory does not exist.
Video sVc8wbrfjWI directory does not exist.
Video mbwYvSQGZx8 directory does not exist.
Video q_4DHQr9c1k directory does not exist.
Video txkb931Vq4M directory does not exist.
Video ChRXIP56Y4w directory does not exist.
Video AIHf6Ng73d8 directory does not exist.
Video 6RBYcNsZzPE directory does not exist.
Video hlyhPDsnnP4 directory does not exist.
Video eivBB7B6hVA directory does not exist.
Video S5GQvTSg9jU directory does not exist.
Video 7bt8cAQrMiI directory does not exist.
Video iRiLMddqWgo directory does not exist.
Video Qt_mjM3HFBA directory does not exist.
Video 1O97jR0Pwd0 directory does not exist.
Video dUiXDYE7OkU directory does not exist.
Video l1_ttFLvHWk directory does not exist.
Video 1LMVOjWy-vo directory does not exist.
Video 6Pdev_juHdM directory does not exist.
Video r0tiB29olkk directory does not exist.
Video W_IPtdsIUOo directory does not exist.
Video plC-9ueDcMU directory does not exist.
Video zOfjgUw38Uc directory does not exist.
Video U6BPMDwqgwc directory does not exist.
Video iBLqOoYTFCo directory does not exist.
Video b6mLY50IvMw directory does not exist.
Video VwLt2kT4eWI directory does not exist.
Video IjdqtbO5k8Y directory does not exist.
Video 8kjEEsU9VcQ directory does not exist.
Video VNLvLnDSRvU directory does not exist.
Video dHyIe1NmViw directory does not exist.
Video DQutMiNiZwc directory does not exist.
Video kTIv2aHJJAg directory does not exist.
Video tOda47lTq7k directory does not exist.
Video ADekxemWToI directory does not exist.
Video CePMsA2CxM4 directory does not exist.
Video OpjFC3iut6w directory does not exist.
Video M4_ONX63FxE directory does not exist.
Video MWed9FQrqjs directory does not exist.
Video Vn_v75W0e6o directory does not exist.
Video NAcnHCu8Xe8 directory does not exist.
Video D05UadiwECA directory does not exist.
Video 0nhLqtKRRsk directory does not exist.
Error converting /scratch/shared/beegfs/zifan/YouTube-ASL/downloads/lIE16P1LVhc/English en.json to VTT: 'dDurationMs'
Video IsW_eX87zVo directory does not exist.
Video LKS2Xm6ki8Q directory does not exist.
Video lFUWngaOlIc directory does not exist.
Video xw_P4h_F4gE directory does not exist.
Video DfzD_N5GUT0 directory does not exist.
Video 9ujekqNp6lU directory does not exist.
Video Sb_BQqpk5jY directory does not exist.
Video mUOnbsqNB1c directory does not exist.
Video 5nUwyw3pxOo directory does not exist.
Video -hPALuvcMsM directory does not exist.
Video sBMu6Sdc3Lw directory does not exist.
Video so9BbSfdQGM directory does not exist.
Video TbF9I6KbfkA directory does not exist.
Video 5efMDB67q1I directory does not exist.
Video UMTmgiJcGXs directory does not exist.
Video ELmdVcpqaQg directory does not exist.
Video 1iTycyw2jcE directory does not exist.
Error converting /scratch/shared/beegfs/zifan/YouTube-ASL/downloads/qxjOArRvFrQ/English en.json to VTT: 'dDurationMs'
Video 1DJZ-L9Lwk0 directory does not exist.
Error converting /scratch/shared/beegfs/zifan/YouTube-ASL/downloads/Z-TsIKJ9_HM/English en.json to VTT: 'dDurationMs'
Error converting /scratch/shared/beegfs/zifan/YouTube-ASL/downloads/XhcjvDawRkM/English en.json to VTT: Expecting value: line 1 column 1 (char 0)
Video RsJnN1q_LP8 directory does not exist.
Video mKUcf16ar5U directory does not exist.
Video qnvlWpo6pGA directory does not exist.
Video y_sYQK0SE6A directory does not exist.
Video wT2QSZJxoPA directory does not exist.
Video oQPT_Uiwz5I directory does not exist.
Video pkfr-y5GRWo directory does not exist.
Video -LNuGj27Xyk directory does not exist.
Video mkY8ioK7iGs directory does not exist.
Video f48ZSCY-2MA directory does not exist.
Video iaxKaOxqddE directory does not exist.
Video HUHF8ntW8ks directory does not exist.
Video OLkLPPWE4Ks directory does not exist.
Video NLuHmHo6wZc directory does not exist.
Video MXdPJj8gNOQ directory does not exist.
Video Yc3NnXVyNbE directory does not exist.
Video bET9dZmR14Q directory does not exist.
Video UzbloJOxuaA directory does not exist.
Video 3qMLOtMJW_c directory does not exist.
Video Q3uGuYnV4Mc directory does not exist.
Video F7_oWzc3VPQ directory does not exist.
Video 9F3Q_LctJFw directory does not exist.
Video Eec19fmZnEw directory does not exist.
Video xADNh5Mu_7g directory does not exist.
Video cBnwX-MXhAg directory does not exist.
Video oZDMo_ZKkcA directory does not exist.
Video oHbQ-L2nwk8 directory does not exist.
Video VIyD1Ej8km4 directory does not exist.
Video cRL_gBi3UsM directory does not exist.
Video fOfLAyy-9V0 directory does not exist.
Video vb4WjJ1AMAM directory does not exist.
Video iK0eGrWnoVg directory does not exist.
Video obI6De8I_0M directory does not exist.
Video QbNVVfMcKHE directory does not exist.
Video GVdbEptzfuw directory does not exist.
Video 9wu7ABp-H9A directory does not exist.
Video SRvqa8hbXXQ directory does not exist.
Video MyG4GCBFW_k directory does not exist.
Video UEYF5wACmFs directory does not exist.
Video 0DLrlwVCmNI directory does not exist.
Video IjUZClqdbpk directory does not exist.
Video mZlTc4_vsPM directory does not exist.
Video yYhcefXgJSc directory does not exist.
Video qmyNG6BxU4k directory does not exist.
Video FiT5DnAmGAY directory does not exist.
Video HqYLGT2Lo78 directory does not exist.
Video bBqc-znpE-I directory does not exist.
Video 1yZiY7j0AoM directory does not exist.
Video 3ZI34xl3QuE directory does not exist.
Video zlHYeJKQf4I directory does not exist.
Video Zqu4yvHmSmI directory does not exist.
Video HOfd4HntEt4 directory does not exist.
Video uDAk-PBzBNg directory does not exist.
Video kakTOqKnOzU directory does not exist.
Video LRAy2e1ocNI directory does not exist.
Video cmnltYiqBNY directory does not exist.
Video XxMxdz4Jg7Y directory does not exist.
Video 4px8Zvp6KKc directory does not exist.
Video sEhe2UYOh6s directory does not exist.
Video 7gCDYekQAmc directory does not exist.
Video JTEkB9AEaU0 directory does not exist.
Error converting /scratch/shared/beegfs/zifan/YouTube-ASL/downloads/lSgUXJ4aNy8/en.json to VTT: 'dDurationMs'
Error converting /scratch/shared/beegfs/zifan/YouTube-ASL/downloads/VSfgzF_mAu4/English en.json to VTT: 'dDurationMs'
Video lU8jtCsWL_c directory does not exist.
Video -jar_eJa87Y directory does not exist.
Video 3ETroZuuwEc directory does not exist.
Video eDM9jW83VRo directory does not exist.
Video 5zfPLAz4l-Q directory does not exist.
Error converting /scratch/shared/beegfs/zifan/YouTube-ASL/downloads/Ot2SnsurWyI/English en.json to VTT: 'dDurationMs'
Video e30WX8A-2kU directory does not exist.
Video jvieEmttaAc directory does not exist.
Error converting /scratch/shared/beegfs/zifan/YouTube-ASL/downloads/MWmUdruw_kI/English en.json to VTT: 'dDurationMs'
Video RzWDyJd5A4Y directory does not exist.
Video 3KRDQzFPSwc directory does not exist.
Video 6mKWf2QB9ps directory does not exist.
Video GQJmhbqrdWU directory does not exist.
Video qijNb0AtOvY directory does not exist.
Video it28s2Ri7iw directory does not exist.
Video _xBb_SJ4J_8 directory does not exist.
Video jdqmM_HiTC4 directory does not exist.
Video 4txYU9dhs0g directory does not exist.
Video 5QTt1KKPEM4 directory does not exist.
Video AFppCpvS8_k directory does not exist.
Video _dE6-cT4TTg directory does not exist.
Video e6IrUWRA8IY directory does not exist.
Video -CAKTfoVP18 directory does not exist.
Video ni1wKJbKGsk directory does not exist.
Video 6S1uetXcEYY directory does not exist.
Video l6FTtwVHFbE directory does not exist.
Video p4eINVM_gbg directory does not exist.
Video 5jyWHxCKwS0 directory does not exist.
Video 7iwfFafwIyo directory does not exist.
Video mIbhXbrdfEw directory does not exist.
Video VeIINGzomOw directory does not exist.
Video I_LAYEn9--A directory does not exist.
Video 00urZoasbzw directory does not exist.
Video dqqG86aO6iw directory does not exist.
Video XV5n_GN606Q directory does not exist.
Video NLt-Q5oWloA directory does not exist.
Video zC8NSuDvkSI directory does not exist.
Error converting /scratch/shared/beegfs/zifan/YouTube-ASL/downloads/3HwFRZYTivI/English en.json to VTT: 'dDurationMs'
Video hQOkdPXHWjU directory does not exist.
Video QdksRySEvtw directory does not exist.
Video LvyZrLQnjxQ directory does not exist.
Video 9HiH_n-vGjI directory does not exist.
Video MiENdjCKv1s directory does not exist.
Video 2bXnkd7DGc8 directory does not exist.
Video rCxgHVKgntg directory does not exist.
Video 6eRl2gkin9w directory does not exist.
Video T3HP-1xZdG8 directory does not exist.
Video StXDO_MZ9lw directory does not exist.
Video FJzxCHY9VM8 directory does not exist.
Video IhgMwb1qmGg directory does not exist.
Video jmvo72VRJY8 directory does not exist.
Video hUzGLG4nTYQ directory does not exist.
Video oqjHj4ZMtrQ directory does not exist.
Error converting /scratch/shared/beegfs/zifan/YouTube-ASL/downloads/A5bBhXlr5aA/English en.json to VTT: 'dDurationMs'
Video Vpb13X1sxdo directory does not exist.
Video eGXJHK6adPY directory does not exist.
Video 82edaN7PsVQ directory does not exist.
Video zLrTP3whdb0 directory does not exist.
Video SI19V4-BXIs directory does not exist.
Video TiQBY84_jDs directory does not exist.
Video vWNx9tXeZOY directory does not exist.
Video DFwQQL6_YZ8 directory does not exist.
Video NJv9U01Oiqo directory does not exist.
Video pVV3B2z2RuE directory does not exist.
Video 0xYA1GwMQcE directory does not exist.
Video WzYdT9oV4cE directory does not exist.
Video XF-FFbeyMJY directory does not exist.
Video hC-WIfOlVZg directory does not exist.
Video dDmcNRk3YRU directory does not exist.
Video bO4k3uLZKQ4 directory does not exist.
Video GWn4gcaYNrc directory does not exist.
Video WbWJ-o9cH6M directory does not exist.
Video jafgm6k2NYA directory does not exist.
Video z0eA9P3f5Cw directory does not exist.
Video znvMPWIhcMo directory does not exist.
Video 8ldCRYsaU2M directory does not exist.
Video 55KLzfK4fqg directory does not exist.
Video pXZFxGZ8sCw directory does not exist.
Video JrtEJJTTQjc directory does not exist.
Video YprMpf7OTjE directory does not exist.
Video rj8GkW-LYyU directory does not exist.
Video wLftJqm55bw directory does not exist.
Video QNhrU3OnvW4 directory does not exist.
Video lcv4YNHjvsc directory does not exist.
Video HLdX-0lNG_w directory does not exist.
Video ciqJNvY6FCw directory does not exist.
Video lh6xJFZYeys directory does not exist.
Video DfiYnZmSTXk directory does not exist.
Video gD1qIg05Rgs directory does not exist.
Error converting /scratch/shared/beegfs/zifan/YouTube-ASL/downloads/nxZXCiDdWmc/English (United States) en-US.json to VTT: 'dDurationMs'
Video asEeZeNGY9c directory does not exist.
Video yyXX3naOlks directory does not exist.
Video jaXvjJyXW6g directory does not exist.
Video 4FqzqUd_mG4 directory does not exist.
Video U6lSXulS_a0 directory does not exist.
Video ZkyFjWGvo5Q directory does not exist.
Video iQUI7ky_AqQ directory does not exist.
Video V9oM0dNYLaQ directory does not exist.
Video pzgwOXmnj2s directory does not exist.
Video R-vQJlE4-dU directory does not exist.
Video Oz6LMXPkOUA directory does not exist.
Video 0PSmYAx9Dr0 directory does not exist.
Video aVRYwBu5_xo directory does not exist.
Video GUzRS-YvImY directory does not exist.
Video f0-Who5qMr4 directory does not exist.
Video SAPPWosLe_o directory does not exist.
Video U5B1QXlez7c directory does not exist.
Video tGnFYPiZ400 directory does not exist.
Video U3cDcr6qCeY directory does not exist.
Video hvxrHpZcBec directory does not exist.
Video hPrzDxRzXgM directory does not exist.
Video 3fxgQjOqK2o directory does not exist.
Video Cy67eCeSY7E directory does not exist.
Video OClHG2EYscM directory does not exist.
Video 4vohed3uubQ directory does not exist.
Video O1e9-MzcASc directory does not exist.
Video WRs8bBaxCZM directory does not exist.
Video gjauzzsnOvI directory does not exist.
Video 7l0FsFQj-MA directory does not exist.
Video bFYetNGNQU0 directory does not exist.
Error converting /scratch/shared/beegfs/zifan/YouTube-ASL/downloads/FlQ6-wvVjc0/en.json to VTT: 'dDurationMs'
Video 2F5V3yrRwC4 directory does not exist.
Video y3-e5JkvkzM directory does not exist.
Video AFqnbgaAhSA directory does not exist.
Video HcyhKLEjdK0 directory does not exist.
Video jZsaYsP6bN0 directory does not exist.
Video 9ee6KlRQw2A directory does not exist.
Video 1UWY3vlEOd8 directory does not exist.
Video ibqLRrYV1Ns directory does not exist.
Video Bawbmhprvqs directory does not exist.
Video favoQ0F6Q0U directory does not exist.
Video IW98HansqCk directory does not exist.
Video nQlx2P5wxvk directory does not exist.
Video ZTfbd8VUzcE directory does not exist.
Video KVMCTIhO9PM directory does not exist.
Video U7_eOh2UKk4 directory does not exist.
Video 5OyIQChN5DA directory does not exist.
Video 4pkNA9W-gas directory does not exist.
Video QNBWZrjumaA directory does not exist.
Video fV5KkpYsDtI directory does not exist.
Video AQ4yBnW57zk directory does not exist.
Video 7zzaJ0aKSZU directory does not exist.
Video AZ_YIyaMbV4 directory does not exist.
Video 0wTEsT9tG9A directory does not exist.
Error converting /scratch/shared/beegfs/zifan/YouTube-ASL/downloads/N_qjkDtO4h4/English en.json to VTT: 'dDurationMs'
Video k3z5YmU_o10 directory does not exist.
Video hGLzmJi_SE8 directory does not exist.
Video zmejwkKi_Qg directory does not exist.
Video 5WSorhhDEsI directory does not exist.
Video 9cfgHiRcZaE directory does not exist.
Video wMUpVZEaoQY directory does not exist.
Video k_LHeo6sXek directory does not exist.
Error converting /scratch/shared/beegfs/zifan/YouTube-ASL/downloads/YldoBneenME/English en.json to VTT: 'dDurationMs'
Video cPUz6R_xvc0 directory does not exist.
Video TGsw9tqUA4w directory does not exist.
Video bkK54DkItg0 directory does not exist.
Video rxgzdsivPs4 directory does not exist.
Video 53TKGmfoDrk directory does not exist.
Error converting /scratch/shared/beegfs/zifan/YouTube-ASL/downloads/UhUgt5jqRLg/en.json to VTT: 'dDurationMs'
Video pKs5msYhNeY directory does not exist.
Video EiFY6DO_8jU directory does not exist.
Video 09Qc0feFdxE directory does not exist.
Video Tk2RStE3HwM directory does not exist.
Video _pT3e1Fazns directory does not exist.
Video SlzRK_p8Bcg directory does not exist.
Video 1zk5fa3SqOY directory does not exist.
Video oz3BbwWVLNE directory does not exist.
Video j3CgAIH3d1c directory does not exist.
Video XpPZeNfSdz4 directory does not exist.
Video pO4UqTwGzZ8 directory does not exist.
Video BakdKfSMj1M directory does not exist.
Video x7XW4HXIPtI directory does not exist.
Video awujq-_2WNQ directory does not exist.
Video 8Yo2CSI7_ko directory does not exist.
Video DLlgkLsKhto directory does not exist.
Video 12V41Um9QS4 directory does not exist.
Error converting /scratch/shared/beegfs/zifan/YouTube-ASL/downloads/Z3j2srwHiBo/English en.json to VTT: 'dDurationMs'
Video UEde4SgpAo8 directory does not exist.
Video 7_P45SzajKw directory does not exist.
Video O-sTpgwnABg directory does not exist.
Video UwmJKL9PNpw directory does not exist.
Video zqSAwuiVxWw directory does not exist.
Video sa2zSdrQRgQ directory does not exist.
Video KeFFF9SeFd0 directory does not exist.
Video p8OYydc3WQM directory does not exist.
Video Ofhpfydats0 directory does not exist.
Video 4MLsp8dZBjw directory does not exist.
Video uvNYmDfI8nc directory does not exist.
Video l0_D2ZgkE7o directory does not exist.
Video ykO6VgzT_V0 directory does not exist.
Error converting /scratch/shared/beegfs/zifan/YouTube-ASL/downloads/rIoFpxAo93U/en.json to VTT: 'dDurationMs'
Video 5hKUn3t0tBg directory does not exist.
Video Jo4X3P-5nDA directory does not exist.
Video Vhh2-B00bKc directory does not exist.
Video q43JI4UXuI8 directory does not exist.
Video I9w18Ere4xk directory does not exist.
Video yL65NUkmoBs directory does not exist.
Video GmUIYfU8bD4 directory does not exist.
Video h_4uICPN-7Y directory does not exist.
Step 1: Found 9340 videos with all required files and a selected JSON file out of 11096 total IDs.
Step 2: Symbolic links created for videos and pose files.
Step 3: Subtitles converted to VTT format. Successfully converted 9321 files.
Step 4: Curated IDs saved to /scratch/shared/beegfs/zifan/YouTube-ASL/curated_ids.txt.
